*** Starting uWSGI 2.0.14 (64bit) on [Thu Mar  9 15:25:55 2017] ***
compiled with version: 4.8.4 on 13 October 2016 21:58:32
os: Linux-2.6.32-042stab108.8 #1 SMP Wed Jul 22 17:23:23 MSK 2015
nodename: localhost
machine: x86_64
clock source: unix
detected number of CPU cores: 1
current working directory: /home/django/wechat-ss-panel-v3
detected binary path: /usr/local/bin/uwsgi
!!! no internal routing support, rebuild with pcre support !!!
uWSGI running as root, you can use --uid/--gid/--chroot options
*** WARNING: you are running uWSGI as root !!! (use the --uid flag) *** 
chdir() to /home/django/wechat-ss-panel-v3/panelWechat
your processes number limit is 772113
your memory page size is 4096 bytes
detected max file descriptor number: 1024
lock engine: pthread robust mutexes
thunder lock: disabled (you can enable it with --thunder-lock)
uwsgi socket 0 bound to TCP address :8000 fd 3
Python version: 3.5.2 (default, Jul 17 2016, 00:00:00)  [GCC 4.8.4]
*** Python threads support is disabled. You can enable it with --enable-threads ***
Python main interpreter initialized at 0xbabaa0
your server socket listen backlog is limited to 100 connections
your mercy for graceful operations on workers is 60 seconds
mapped 363800 bytes (355 KB) for 4 cores
*** Operational MODE: preforking ***
ImportError: No module named 'panelWechat'
unable to load app 0 (mountpoint='') (callable not found or import error)
*** no app loaded. going in full dynamic mode ***
*** uWSGI is running in multiple interpreter mode ***
spawned uWSGI master process (pid: 1494)
spawned uWSGI worker 1 (pid: 1495, cores: 1)
spawned uWSGI worker 2 (pid: 1496, cores: 1)
spawned uWSGI worker 3 (pid: 1497, cores: 1)
spawned uWSGI worker 4 (pid: 1498, cores: 1)
invalid request block size: 21573 (max 4096)...skip
...brutally killing workers...
worker 1 buried after 0 seconds
worker 2 buried after 0 seconds
worker 3 buried after 0 seconds
worker 4 buried after 0 seconds
binary reloading uWSGI...
chdir() to /home/django/wechat-ss-panel-v3
closing all non-uwsgi socket fds > 2 (max_fd = 1024)...
found fd 3 mapped to socket 0 (:8000)
running /usr/local/bin/uwsgi
[uWSGI] getting INI configuration from wechat_uwsgi.ini
*** Starting uWSGI 2.0.14 (64bit) on [Thu Mar  9 15:27:06 2017] ***
compiled with version: 4.8.4 on 13 October 2016 21:58:32
os: Linux-2.6.32-042stab108.8 #1 SMP Wed Jul 22 17:23:23 MSK 2015
nodename: localhost
machine: x86_64
clock source: unix
detected number of CPU cores: 1
current working directory: /home/django/wechat-ss-panel-v3
detected binary path: /usr/local/bin/uwsgi
!!! no internal routing support, rebuild with pcre support !!!
uWSGI running as root, you can use --uid/--gid/--chroot options
*** WARNING: you are running uWSGI as root !!! (use the --uid flag) *** 
chdir() to /home/django/wechat-ss-panel-v3/panelWechat
your processes number limit is 772113
your memory page size is 4096 bytes
detected max file descriptor number: 1024
lock engine: pthread robust mutexes
thunder lock: disabled (you can enable it with --thunder-lock)
uwsgi socket 0 inherited INET address :8000 fd 3
Python version: 3.5.2 (default, Jul 17 2016, 00:00:00)  [GCC 4.8.4]
*** Python threads support is disabled. You can enable it with --enable-threads ***
Python main interpreter initialized at 0x1361980
your server socket listen backlog is limited to 100 connections
your mercy for graceful operations on workers is 60 seconds
mapped 363800 bytes (355 KB) for 4 cores
*** Operational MODE: preforking ***
ImportError: No module named 'panelWechat'
unable to load app 0 (mountpoint='') (callable not found or import error)
*** no app loaded. going in full dynamic mode ***
*** uWSGI is running in multiple interpreter mode ***
gracefully (RE)spawned uWSGI master process (pid: 1494)
spawned uWSGI worker 1 (pid: 1669, cores: 1)
spawned uWSGI worker 2 (pid: 1670, cores: 1)
spawned uWSGI worker 3 (pid: 1671, cores: 1)
spawned uWSGI worker 4 (pid: 1672, cores: 1)
